2017-12-26  INFO [com.infare.cluster.BootstrapCluster.main()] c.i.c.WorkerApp - Starting WorkerApp on Lenovo-PC with PID 13068 (C:\Users\Lenovo\projects\infare\etl\target\classes started by Lenovo in C:\Users\Lenovo\projects\infare\etl)
2017-12-26  INFO [com.infare.cluster.BootstrapCluster.main()] c.i.c.WorkerApp - No active profile set, falling back to default profiles: default
2017-12-26  INFO [com.infare.cluster.BootstrapCluster.main()] o.s.c.a.AnnotationConfigApplicationContext - Refreshing org.springframework.context.annotation.AnnotationConfigApplicationContext@3eed6cb1: startup date [Tue Dec 26 20:53:24 CET 2017]; root of context hierarchy
2017-12-26  WARN [com.infare.cluster.BootstrapCluster.main()] o.s.c.a.ConfigurationClassEnhancer - @Bean method ScopeConfiguration.stepScope is non-static and returns an object assignable to Spring's BeanFactoryPostProcessor interface. This will result in a failure to process annotations such as @Autowired, @Resource and @PostConstruct within the method's declaring @Configuration class. Add the 'static' modifier to this method to avoid these container lifecycle issues; see @Bean javadoc for complete details.
2017-12-26  WARN [com.infare.cluster.BootstrapCluster.main()] o.s.c.a.ConfigurationClassEnhancer - @Bean method ScopeConfiguration.jobScope is non-static and returns an object assignable to Spring's BeanFactoryPostProcessor interface. This will result in a failure to process annotations such as @Autowired, @Resource and @PostConstruct within the method's declaring @Configuration class. Add the 'static' modifier to this method to avoid these container lifecycle issues; see @Bean javadoc for complete details.
2017-12-26  INFO [com.infare.cluster.BootstrapCluster.main()] o.m.d.cluster - Cluster created with settings {hosts=[localhost:27017], mode=SINGLE, requiredClusterType=UNKNOWN, serverSelectionTimeout='30000 ms', maxWaitQueueSize=500}
2017-12-26  INFO [cluster-ClusterId{value='5a42a8b75f2ed7330c87d95e', description='null'}-localhost:27017] o.m.d.connection - Opened connection [connectionId{localValue:1, serverValue:188}] to localhost:27017
2017-12-26  INFO [cluster-ClusterId{value='5a42a8b75f2ed7330c87d95e', description='null'}-localhost:27017] o.m.d.cluster - Monitor thread successfully connected to server with description ServerDescription{address=localhost:27017, type=STANDALONE, state=CONNECTED, ok=true, version=ServerVersion{versionList=[3, 6, 0]}, minWireVersion=0, maxWireVersion=6, maxDocumentSize=16777216, roundTripTimeNanos=2153241}
2017-12-26  INFO [com.infare.cluster.BootstrapCluster.main()] o.s.s.c.ThreadPoolTaskExecutor - Initializing ExecutorService  'taskExecutor'
2017-12-26  INFO [com.infare.cluster.BootstrapCluster.main()] o.s.j.d.i.ScriptUtils - Executing SQL script from class path resource [org/springframework/batch/core/schema-hsqldb.sql]
2017-12-26  INFO [com.infare.cluster.BootstrapCluster.main()] o.s.j.d.i.ScriptUtils - Executed SQL script from class path resource [org/springframework/batch/core/schema-hsqldb.sql] in 23 ms.
2017-12-26  INFO [com.infare.cluster.BootstrapCluster.main()] o.s.j.e.a.AnnotationMBeanExporter - Registering beans for JMX exposure on startup
2017-12-26  INFO [com.infare.cluster.BootstrapCluster.main()] c.i.c.WorkerApp - Started WorkerApp in 5.561 seconds (JVM running for 14.215)
2017-12-26  INFO [com.infare.cluster.BootstrapCluster.main()] c.i.c.WorkerApp - Starting WorkerApp on Lenovo-PC with PID 13068 (C:\Users\Lenovo\projects\infare\etl\target\classes started by Lenovo in C:\Users\Lenovo\projects\infare\etl)
2017-12-26  INFO [com.infare.cluster.BootstrapCluster.main()] c.i.c.WorkerApp - No active profile set, falling back to default profiles: default
2017-12-26  INFO [com.infare.cluster.BootstrapCluster.main()] o.s.c.a.AnnotationConfigApplicationContext - Refreshing org.springframework.context.annotation.AnnotationConfigApplicationContext@358504cd: startup date [Tue Dec 26 20:53:32 CET 2017]; root of context hierarchy
2017-12-26  WARN [com.infare.cluster.BootstrapCluster.main()] o.s.c.a.ConfigurationClassEnhancer - @Bean method ScopeConfiguration.stepScope is non-static and returns an object assignable to Spring's BeanFactoryPostProcessor interface. This will result in a failure to process annotations such as @Autowired, @Resource and @PostConstruct within the method's declaring @Configuration class. Add the 'static' modifier to this method to avoid these container lifecycle issues; see @Bean javadoc for complete details.
2017-12-26  WARN [com.infare.cluster.BootstrapCluster.main()] o.s.c.a.ConfigurationClassEnhancer - @Bean method ScopeConfiguration.jobScope is non-static and returns an object assignable to Spring's BeanFactoryPostProcessor interface. This will result in a failure to process annotations such as @Autowired, @Resource and @PostConstruct within the method's declaring @Configuration class. Add the 'static' modifier to this method to avoid these container lifecycle issues; see @Bean javadoc for complete details.
2017-12-26  INFO [com.infare.cluster.BootstrapCluster.main()] o.m.d.cluster - Cluster created with settings {hosts=[localhost:27017], mode=SINGLE, requiredClusterType=UNKNOWN, serverSelectionTimeout='30000 ms', maxWaitQueueSize=500}
2017-12-26  INFO [cluster-ClusterId{value='5a42a8bd5f2ed7330c87d95f', description='null'}-localhost:27017] o.m.d.connection - Opened connection [connectionId{localValue:2, serverValue:189}] to localhost:27017
2017-12-26  INFO [cluster-ClusterId{value='5a42a8bd5f2ed7330c87d95f', description='null'}-localhost:27017] o.m.d.cluster - Monitor thread successfully connected to server with description ServerDescription{address=localhost:27017, type=STANDALONE, state=CONNECTED, ok=true, version=ServerVersion{versionList=[3, 6, 0]}, minWireVersion=0, maxWireVersion=6, maxDocumentSize=16777216, roundTripTimeNanos=1383462}
2017-12-26  INFO [com.infare.cluster.BootstrapCluster.main()] o.s.s.c.ThreadPoolTaskExecutor - Initializing ExecutorService  'taskExecutor'
2017-12-26  INFO [com.infare.cluster.BootstrapCluster.main()] o.s.j.d.i.ScriptUtils - Executing SQL script from class path resource [org/springframework/batch/core/schema-hsqldb.sql]
2017-12-26  INFO [com.infare.cluster.BootstrapCluster.main()] o.s.j.d.i.ScriptUtils - Executed SQL script from class path resource [org/springframework/batch/core/schema-hsqldb.sql] in 9 ms.
2017-12-26  INFO [com.infare.cluster.BootstrapCluster.main()] o.s.j.e.a.AnnotationMBeanExporter - Registering beans for JMX exposure on startup
2017-12-26  INFO [com.infare.cluster.BootstrapCluster.main()] c.i.c.WorkerApp - Started WorkerApp in 1.677 seconds (JVM running for 18.903)
2017-12-26  INFO [Thread-8] o.s.c.a.AnnotationConfigApplicationContext - Closing org.springframework.context.annotation.AnnotationConfigApplicationContext@358504cd: startup date [Tue Dec 26 20:53:32 CET 2017]; root of context hierarchy
2017-12-26  INFO [Thread-4] o.s.c.a.AnnotationConfigApplicationContext - Closing org.springframework.context.annotation.AnnotationConfigApplicationContext@3eed6cb1: startup date [Tue Dec 26 20:53:24 CET 2017]; root of context hierarchy
2017-12-26  INFO [Thread-4] o.s.j.e.a.AnnotationMBeanExporter - Unregistering JMX-exposed beans on shutdown
2017-12-26  INFO [Thread-4] o.s.s.c.ThreadPoolTaskExecutor - Shutting down ExecutorService 'taskExecutor'
2017-12-26  INFO [Thread-8] o.s.j.e.a.AnnotationMBeanExporter - Unregistering JMX-exposed beans on shutdown
2017-12-26  INFO [Thread-8] o.s.s.c.ThreadPoolTaskExecutor - Shutting down ExecutorService 'taskExecutor'
